<component name="libraryTable">
  <library name="junit-platform-launcher-1.1.0">
    <CLASSES>
      <root url="jar://C:/UnitTest/junit-platform-launcher-1.1.0.jar!/" />
    </CLASSES>
    <JAVADOC />
    <SOURCES />
  </library>
</component>